[0.944s] Invoking command in '/home/ubuntu/dev_ws/src/my_package': PYTHONPATH=/home/ubuntu/dev_ws/install/lib/python3.8/site-packages:${PYTHONPATH} /usr/bin/python3 setup.py egg_info --egg-base ../../build/my_package build --build-base /home/ubuntu/dev_ws/build/my_package/build install --prefix /home/ubuntu/dev_ws/install --record /home/ubuntu/dev_ws/build/my_package/install.log --single-version-externally-managed
[1.780s] running egg_info
[1.782s] creating ../../build/my_package/my_package.egg-info
[1.782s] writing ../../build/my_package/my_package.egg-info/PKG-INFO
[1.783s] writing dependency_links to ../../build/my_package/my_package.egg-info/dependency_links.txt
[1.784s] writing entry points to ../../build/my_package/my_package.egg-info/entry_points.txt
[1.784s] writing requirements to ../../build/my_package/my_package.egg-info/requires.txt
[1.785s] writing top-level names to ../../build/my_package/my_package.egg-info/top_level.txt
[1.796s] writing manifest file '../../build/my_package/my_package.egg-info/SOURCES.txt'
[1.961s] reading manifest file '../../build/my_package/my_package.egg-info/SOURCES.txt'
[1.965s] writing manifest file '../../build/my_package/my_package.egg-info/SOURCES.txt'
[1.965s] running build
[1.966s] running build_py
[1.966s] creating /home/ubuntu/dev_ws/build/my_package/build
[1.967s] creating /home/ubuntu/dev_ws/build/my_package/build/lib
[1.967s] creating /home/ubuntu/dev_ws/build/my_package/build/lib/my_package
[1.968s] copying my_package/__init__.py -> /home/ubuntu/dev_ws/build/my_package/build/lib/my_package
[1.968s] copying my_package/my_node.py -> /home/ubuntu/dev_ws/build/my_package/build/lib/my_package
[1.968s] running install
[1.973s] running install_lib
[1.979s] creating /home/ubuntu/dev_ws/install/lib/python3.8/site-packages/my_package
[1.979s] copying /home/ubuntu/dev_ws/build/my_package/build/lib/my_package/__init__.py -> /home/ubuntu/dev_ws/install/lib/python3.8/site-packages/my_package
[1.980s] copying /home/ubuntu/dev_ws/build/my_package/build/lib/my_package/my_node.py -> /home/ubuntu/dev_ws/install/lib/python3.8/site-packages/my_package
[1.982s] byte-compiling /home/ubuntu/dev_ws/install/lib/python3.8/site-packages/my_package/__init__.py to __init__.cpython-38.pyc
[1.987s] byte-compiling /home/ubuntu/dev_ws/install/lib/python3.8/site-packages/my_package/my_node.py to my_node.cpython-38.pyc
[1.988s] running install_data
[1.991s] creating /home/ubuntu/dev_ws/install/share/ament_index
[1.991s] creating /home/ubuntu/dev_ws/install/share/ament_index/resource_index
[1.992s] creating /home/ubuntu/dev_ws/install/share/ament_index/resource_index/packages
[1.992s] copying resource/my_package -> /home/ubuntu/dev_ws/install/share/ament_index/resource_index/packages
[1.993s] copying package.xml -> /home/ubuntu/dev_ws/install/share/my_package
[1.993s] running install_egg_info
[2.001s] Copying ../../build/my_package/my_package.egg-info to /home/ubuntu/dev_ws/install/lib/python3.8/site-packages/my_package-0.0.0-py3.8.egg-info
[2.006s] running install_scripts
[2.084s] Installing my_node script to /home/ubuntu/dev_ws/install/lib/my_package
[2.086s] writing list of installed files to '/home/ubuntu/dev_ws/build/my_package/install.log'
[2.181s] Invoked command in '/home/ubuntu/dev_ws/src/my_package' returned '0': PYTHONPATH=/home/ubuntu/dev_ws/install/lib/python3.8/site-packages:${PYTHONPATH} /usr/bin/python3 setup.py egg_info --egg-base ../../build/my_package build --build-base /home/ubuntu/dev_ws/build/my_package/build install --prefix /home/ubuntu/dev_ws/install --record /home/ubuntu/dev_ws/build/my_package/install.log --single-version-externally-managed
